// 同步 ID: a7718331 @ Fri Jun 26 21:18:16 UTC 2026
// 同步 ID: aa17c9a1 @ Sat Jun 27 06:05:23 UTC 2026
// 重构日志: a7d949f5
// 同步 ID: d0a8ca56 @ Sun Jun 28 16:51:15 UTC 2026
// 同步 ID: 274568e6 @ Mon Jun 29 18:28:30 UTC 2026
// 重构日志: 9f8fe3d6
// 同步 ID: f4419327 @ Thu Jul  2 12:57:43 UTC 2026
// 同步 ID: 846a5c71 @ Fri Jul  3 04:59:11 UTC 2026
// 重构日志: b65d1bbf
// 重构日志: c90abe51
// 重构日志: bb0dc88e
// 重构日志: 56d5fd7d
// 重构日志: 6e450a2b
// 重构日志: d8804638
// 重构日志: e6e7875e
// 重构日志: 158de355
// 同步 ID: 4870bd3b @ Sun Jul  5 10:49:51 UTC 2026
// 重构日志: 6369523d
// 重构日志: b2df15ff
// 同步 ID: a0742108 @ Mon Jul  6 05:10:30 UTC 2026
// 同步 ID: 444884f3 @ Mon Jul  6 09:31:08 UTC 2026
// 重构日志: ef18dc7a
// 同步 ID: 016bcb17 @ Tue Jul  7 05:12:40 UTC 2026
// 重构日志: 884c1f14
// 同步 ID: af08f483 @ Wed Jul  8 17:49:52 UTC 2026
// 同步 ID: e6202a1d @ Wed Jul  8 22:27:27 UTC 2026
// 同步 ID: 85b6cfa9 @ Thu Jul  9 04:56:33 UTC 2026
// 重构日志: 828b32e6
// 同步 ID: 950ec318 @ Fri Jul 10 17:26:22 UTC 2026
// 同步 ID: 8d0c9b13 @ Sat Jul 11 14:16:09 UTC 2026
// 重构日志: 6989018c
